#
# There is insufficient memory for the Java Runtime Environment to continue.
# Native memory allocation (malloc) failed to allocate 32744 bytes for ChunkPool::allocate
# Possible reasons:
#   The system is out of physical RAM or swap space
#   The process is running with CompressedOops enabled, and the Java Heap may be blocking the growth of the native heap
# Possible solutions:
#   Reduce memory load on the system
#   Increase physical memory or swap space
#   Check if swap backing store is full
#   Decrease Java heap size (-Xmx/-Xms)
#   Decrease number of Java threads
#   Decrease Java thread stack sizes (-Xss)
#   Set larger code cache with -XX:ReservedCodeCacheSize=
#   JVM is running with Zero Based Compressed Oops mode in which the Java heap is
#     placed in the first 32GB address space. The Java Heap base address is the
#     maximum limit for the native heap growth. Please use -XX:HeapBaseMinAddress
#     to set the Java Heap base and to place the Java Heap above 32GB virtual address.
# This output file may be truncated or incomplete.
#
#  Out of Memory Error (arena.cpp:78), pid=12944, tid=19192
#
# JRE version: OpenJDK Runtime Environment (17.0.6) (build 17.0.6+0-b2043.56-9586694)
# Java VM: OpenJDK 64-Bit Server VM (17.0.6+0-b2043.56-9586694, mixed mode, tiered, compressed oops, compressed class ptrs, g1 gc, windows-amd64)
# No core dump will be written. Minidumps are not enabled by default on client versions of Windows
#

---------------  S U M M A R Y ------------

Command Line: -Dorg.gradle.appname=gradlew org.gradle.wrapper.GradleWrapperMain -q -Ptarget-platform=android-x86 -Ptarget=D:\Misael\WorkSpace DEV\Controle_Aprovacao\lib\main.dart -Pbase-application-name=android.app.Application -Pdart-defines=Zmx1dHRlci5pbnNwZWN0b3Iuc3RydWN0dXJlZEVycm9ycz10cnVl,RkxVVFRFUl9XRUJfQVVUT19ERVRFQ1Q9dHJ1ZQ==,RkxVVFRFUl9XRUJfQ0FOVkFTS0lUX1VSTD1odHRwczovL3d3dy5nc3RhdGljLmNvbS9mbHV0dGVyLWNhbnZhc2tpdC80OTU5NTVhM2I1ZGUyYzJlMWI0YmYwNTZlYThmOGEzOWJiN2Y1OWU3Lw== -Pdart-obfuscation=false -Ptrack-widget-creation=true -Ptree-shake-icons=false -Pfilesystem-scheme=org-dartlang-root assembleDebug

Host: Intel(R) Core(TM) i7-7500U CPU @ 2.70GHz, 4 cores, 15G,  Windows 10 , 64 bit Build 19041 (10.0.19041.3636)
Time: Thu Nov 30 15:12:23 2023 Hora oficial do Brasil elapsed time: 16.442359 seconds (0d 0h 0m 16s)

---------------  T H R E A D  ---------------

Current thread (0x000001ad7f4997a0):  JavaThread "C1 CompilerThread0" daemon [_thread_in_native, id=19192, stack(0x0000001dced00000,0x0000001dcee00000)]


Current CompileTask:
C1:  16442 1168       3       org.gradle.internal.logging.text.AbstractLineChoppingStyledTextOutput$StateContext::isCurrentCharEquals (70 bytes)

Stack: [0x0000001dced00000,0x0000001dcee00000]
Native frames: (J=compiled Java code, j=interpreted, Vv=VM code, C=native code)
V  [jvm.dll+0x683b4a]
V  [jvm.dll+0x842654]
V  [jvm.dll+0x843dfe]
V  [jvm.dll+0x844463]
V  [jvm.dll+0x249b75]
V  [jvm.dll+0xabecc]
V  [jvm.dll+0xac27c]
V  [jvm.dll+0x190ab0]
V  [jvm.dll+0x145133]
V  [jvm.dll+0x148329]
V  [jvm.dll+0x147d45]
V  [jvm.dll+0x13f58e]
V  [jvm.dll+0x141b45]
V  [jvm.dll+0x13fe24]
V  [jvm.dll+0x139d9f]
V  [jvm.dll+0x1499a6]
V  [jvm.dll+0x135490]
V  [jvm.dll+0x1357f0]
V  [jvm.dll+0x135ab6]
V  [jvm.dll+0x134f4a]
V  [jvm.dll+0x136c11]
V  [jvm.dll+0x22b098]
V  [jvm.dll+0x229159]
V  [jvm.dll+0x7f809c]
V  [jvm.dll+0x7f25fa]
V  [jvm.dll+0x682985]
C  [ucrtbase.dll+0x21bb2]
C  [KERNEL32.DLL+0x17344]
C  [ntdll.dll+0x526b1]


---------------  P R O C E S S  ---------------

Threads class SMR info:
_java_thread_list=0x000001ad04e753b0, length=14, elements={
0x000001ad6296dfd0, 0x000001ad7f448260, 0x000001ad7f449ff0, 0x000001ad7f4767f0,
0x000001ad7f47a1d0, 0x000001ad7f47aa90, 0x000001ad7f47b350, 0x000001ad7f490e90,
0x000001ad7f4997a0, 0x000001ad7f49c890, 0x000001ad7f5fa1c0, 0x000001ad7f5fa840,
0x000001ad7fe11aa0, 0x000001ad049fb980
}

Java Threads: ( => current thread )
  0x000001ad6296dfd0 JavaThread "main" [_thread_in_native, id=14512, stack(0x0000001dcdf00000,0x0000001dce000000)]
  0x000001ad7f448260 JavaThread "Reference Handler" daemon [_thread_blocked, id=15656, stack(0x0000001dce600000,0x0000001dce700000)]
  0x000001ad7f449ff0 JavaThread "Finalizer" daemon [_thread_blocked, id=18220, stack(0x0000001dce700000,0x0000001dce800000)]
  0x000001ad7f4767f0 JavaThread "Signal Dispatcher" daemon [_thread_blocked, id=16144, stack(0x0000001dce800000,0x0000001dce900000)]
  0x000001ad7f47a1d0 JavaThread "Attach Listener" daemon [_thread_blocked, id=5080, stack(0x0000001dce900000,0x0000001dcea00000)]
  0x000001ad7f47aa90 JavaThread "Service Thread" daemon [_thread_blocked, id=18496, stack(0x0000001dcea00000,0x0000001dceb00000)]
  0x000001ad7f47b350 JavaThread "Monitor Deflation Thread" daemon [_thread_blocked, id=6024, stack(0x0000001dceb00000,0x0000001dcec00000)]
  0x000001ad7f490e90 JavaThread "C2 CompilerThread0" daemon [_thread_blocked, id=5020, stack(0x0000001dcec00000,0x0000001dced00000)]
=>0x000001ad7f4997a0 JavaThread "C1 CompilerThread0" daemon [_thread_in_native, id=19192, stack(0x0000001dced00000,0x0000001dcee00000)]
  0x000001ad7f49c890 JavaThread "Sweeper thread" daemon [_thread_blocked, id=22028, stack(0x0000001dcee00000,0x0000001dcef00000)]
  0x000001ad7f5fa1c0 JavaThread "Notification Thread" daemon [_thread_blocked, id=20796, stack(0x0000001dcef00000,0x0000001dcf000000)]
  0x000001ad7f5fa840 JavaThread "Common-Cleaner" daemon [_thread_blocked, id=12624, stack(0x0000001dcf100000,0x0000001dcf200000)]
  0x000001ad7fe11aa0 JavaThread "pool-1-thread-1" [_thread_blocked, id=18600, stack(0x0000001dcf600000,0x0000001dcf700000)]
  0x000001ad049fb980 JavaThread "Forward input" [_thread_blocked, id=20432, stack(0x0000001dcf800000,0x0000001dcf900000)]

Other Threads:
  0x000001ad7ea7eab0 VMThread "VM Thread" [stack: 0x0000001dce500000,0x0000001dce600000] [id=15472]
  0x000001ad62a245a0 WatcherThread [stack: 0x0000001dcf000000,0x0000001dcf100000] [id=21524]
  0x000001ad62a0ad10 GCTaskThread "GC Thread#0" [stack: 0x0000001dce000000,0x0000001dce100000] [id=2152]
  0x000001ad7f89eca0 GCTaskThread "GC Thread#1" [stack: 0x0000001dcf300000,0x0000001dcf400000] [id=10044]
  0x000001ad7f845700 GCTaskThread "GC Thread#2" [stack: 0x0000001dcf400000,0x0000001dcf500000] [id=6384]
  0x000001ad7f98c850 GCTaskThread "GC Thread#3" [stack: 0x0000001dcf500000,0x0000001dcf600000] [id=11180]
  0x000001ad62a1ba00 ConcurrentGCThread "G1 Main Marker" [stack: 0x0000001dce100000,0x0000001dce200000] [id=17504]
  0x000001ad62a1cac0 ConcurrentGCThread "G1 Conc#0" [stack: 0x0000001dce200000,0x0000001dce300000] [id=15844]
  0x000001ad7e9044e0 ConcurrentGCThread "G1 Refine#0" [stack: 0x0000001dce300000,0x0000001dce400000] [id=19844]
  0x000001ad62a62f10 ConcurrentGCThread "G1 Service" [stack: 0x0000001dce400000,0x0000001dce500000] [id=21940]

Threads with active compile tasks:
C1 CompilerThread0    16567 1168       3       org.gradle.internal.logging.text.AbstractLineChoppingStyledTextOutput$StateContext::isCurrentCharEquals (70 bytes)

VM state: not at safepoint (normal execution)

VM Mutex/Monitor currently owned by a thread: None

Heap address: 0x0000000701600000, size: 4074 MB, Compressed Oops mode: Zero based, Oop shift amount: 3

CDS archive(s) not mapped
Compressed class space mapped at: 0x0000000800000000-0x0000000840000000, reserved size: 1073741824
Narrow klass base: 0x0000000800000000, Narrow klass shift: 0, Narrow klass range: 0x40000000

GC Precious Log:
 CPUs: 4 total, 4 available
 Memory: 16294M
 Large Page Support: Disabled
 NUMA Support: Disabled
 Compressed Oops: Enabled (Zero based)
 Heap Region Size: 2M
 Heap Min Capacity: 8M
 Heap Initial Capacity: 256M
 Heap Max Capacity: 4074M
 Pre-touch: Disabled
 Parallel Workers: 4
 Concurrent Workers: 1
 Concurrent Refinement Workers: 4
 Periodic GC: Disabled

Heap:
 garbage-first heap   total 262144K, used 18848K [0x0000000701600000, 0x0000000800000000)
  region size 2048K, 6 young (12288K), 1 survivors (2048K)
 Metaspace       used 15967K, committed 16192K, reserved 1064960K
  class space    used 1872K, committed 1984K, reserved 1048576K

Heap Regions: E=young(eden), S=young(survivor), O=old, HS=humongous(starts), HC=humongous(continues), CS=collection set, F=free, OA=open archive, CA=closed archive, TAMS=top-at-mark-start (previous, next)
|   0|0x0000000701600000, 0x0000000701800000, 0x0000000701800000|100%|HS|  |TAMS 0x0000000701600000, 0x0000000701600000| Complete 
|   1|0x0000000701800000, 0x0000000701a00000, 0x0000000701a00000|100%|HC|  |TAMS 0x0000000701800000, 0x0000000701800000| Complete 
|   2|0x0000000701a00000, 0x0000000701c00000, 0x0000000701c00000|100%| O|  |TAMS 0x0000000701a00000, 0x0000000701a00000| Untracked 
|   3|0x0000000701c00000, 0x0000000701e00000, 0x0000000701e00000|100%| O|  |TAMS 0x0000000701c00000, 0x0000000701c00000| Untracked 
|   4|0x0000000701e00000, 0x0000000701e68200, 0x0000000702000000| 20%| O|  |TAMS 0x0000000701e00000, 0x0000000701e00000| Untracked 
|   5|0x0000000702000000, 0x0000000702000000, 0x0000000702200000|  0%| F|  |TAMS 0x0000000702000000, 0x0000000702000000| Untracked 
|   6|0x0000000702200000, 0x0000000702200000, 0x0000000702400000|  0%| F|  |TAMS 0x0000000702200000, 0x0000000702200000| Untracked 
|   7|0x0000000702400000, 0x0000000702400000, 0x0000000702600000|  0%| F|  |TAMS 0x0000000702400000, 0x0000000702400000| Untracked 
|   8|0x0000000702600000, 0x0000000702600000, 0x0000000702800000|  0%| F|  |TAMS 0x0000000702600000, 0x0000000702600000| Untracked 
|   9|0x0000000702800000, 0x0000000702800000, 0x0000000702a00000|  0%| F|  |TAMS 0x0000000702800000, 0x0000000702800000| Untracked 
|  10|0x0000000702a00000, 0x0000000702a00000, 0x0000000702c00000|  0%| F|  |TAMS 0x0000000702a00000, 0x0000000702a00000| Untracked 
|  11|0x0000000702c00000, 0x0000000702c00000, 0x0000000702e00000|  0%| F|  |TAMS 0x0000000702c00000, 0x0000000702c00000| Untracked 
|  12|0x0000000702e00000, 0x0000000702e00000, 0x0000000703000000|  0%| F|  |TAMS 0x0000000702e00000, 0x0000000702e00000| Untracked 
|  13|0x0000000703000000, 0x0000000703000000, 0x0000000703200000|  0%| F|  |TAMS 0x0000000703000000, 0x0000000703000000| Untracked 
|  14|0x0000000703200000, 0x0000000703200000, 0x0000000703400000|  0%| F|  |TAMS 0x0000000703200000, 0x0000000703200000| Untracked 
|  15|0x0000000703400000, 0x0000000703400000, 0x0000000703600000|  0%| F|  |TAMS 0x0000000703400000, 0x0000000703400000| Untracked 
|  16|0x0000000703600000, 0x0000000703600000, 0x0000000703800000|  0%| F|  |TAMS 0x0000000703600000, 0x0000000703600000| Untracked 
|  17|0x0000000703800000, 0x0000000703800000, 0x0000000703a00000|  0%| F|  |TAMS 0x0000000703800000, 0x0000000703800000| Untracked 
|  18|0x0000000703a00000, 0x0000000703a00000, 0x0000000703c00000|  0%| F|  |TAMS 0x0000000703a00000, 0x0000000703a00000| Untracked 
|  19|0x0000000703c00000, 0x0000000703c00000, 0x0000000703e00000|  0%| F|  |TAMS 0x0000000703c00000, 0x0000000703c00000| Untracked 
|  20|0x0000000703e00000, 0x0000000703e00000, 0x0000000704000000|  0%| F|  |TAMS 0x0000000703e00000, 0x0000000703e00000| Untracked 
|  21|0x0000000704000000, 0x0000000704000000, 0x0000000704200000|  0%| F|  |TAMS 0x0000000704000000, 0x0000000704000000| Untracked 
|  22|0x0000000704200000, 0x0000000704200000, 0x0000000704400000|  0%| F|  |TAMS 0x0000000704200000, 0x0000000704200000| Untracked 
|  23|0x0000000704400000, 0x0000000704400000, 0x0000000704600000|  0%| F|  |TAMS 0x0000000704400000, 0x0000000704400000| Untracked 
|  24|0x0000000704600000, 0x0000000704600000, 0x0000000704800000|  0%| F|  |TAMS 0x0000000704600000, 0x0000000704600000| Untracked 
|  25|0x0000000704800000, 0x0000000704800000, 0x0000000704a00000|  0%| F|  |TAMS 0x0000000704800000, 0x0000000704800000| Untracked 
|  26|0x0000000704a00000, 0x0000000704a00000, 0x0000000704c00000|  0%| F|  |TAMS 0x0000000704a00000, 0x0000000704a00000| Untracked 
|  27|0x0000000704c00000, 0x0000000704c00000, 0x0000000704e00000|  0%| F|  |TAMS 0x0000000704c00000, 0x0000000704c00000| Untracked 
|  28|0x0000000704e00000, 0x0000000704e00000, 0x0000000705000000|  0%| F|  |TAMS 0x0000000704e00000, 0x0000000704e00000| Untracked 
|  29|0x0000000705000000, 0x0000000705000000, 0x0000000705200000|  0%| F|  |TAMS 0x0000000705000000, 0x0000000705000000| Untracked 
|  30|0x0000000705200000, 0x0000000705200000, 0x0000000705400000|  0%| F|  |TAMS 0x0000000705200000, 0x0000000705200000| Untracked 
|  31|0x0000000705400000, 0x0000000705400000, 0x0000000705600000|  0%| F|  |TAMS 0x0000000705400000, 0x0000000705400000| Untracked 
|  32|0x0000000705600000, 0x0000000705600000, 0x0000000705800000|  0%| F|  |TAMS 0x0000000705600000, 0x0000000705600000| Untracked 
|  33|0x0000000705800000, 0x0000000705800000, 0x0000000705a00000|  0%| F|  |TAMS 0x0000000705800000, 0x0000000705800000| Untracked 
|  34|0x0000000705a00000, 0x0000000705a00000, 0x0000000705c00000|  0%| F|  |TAMS 0x0000000705a00000, 0x0000000705a00000| Untracked 
|  35|0x0000000705c00000, 0x0000000705c00000, 0x0000000705e00000|  0%| F|  |TAMS 0x0000000705c00000, 0x0000000705c00000| Untracked 
|  36|0x0000000705e00000, 0x0000000705e00000, 0x0000000706000000|  0%| F|  |TAMS 0x0000000705e00000, 0x0000000705e00000| Untracked 
|  37|0x0000000706000000, 0x0000000706000000, 0x0000000706200000|  0%| F|  |TAMS 0x0000000706000000, 0x0000000706000000| Untracked 
|  38|0x0000000706200000, 0x0000000706200000, 0x0000000706400000|  0%| F|  |TAMS 0x0000000706200000, 0x0000000706200000| Untracked 
|  39|0x0000000706400000, 0x0000000706400000, 0x0000000706600000|  0%| F|  |TAMS 0x0000000706400000, 0x0000000706400000| Untracked 
|  40|0x0000000706600000, 0x0000000706600000, 0x0000000706800000|  0%| F|  |TAMS 0x0000000706600000, 0x0000000706600000| Untracked 
|  41|0x0000000706800000, 0x0000000706800000, 0x0000000706a00000|  0%| F|  |TAMS 0x0000000706800000, 0x0000000706800000| Untracked 
|  42|0x0000000706a00000, 0x0000000706a00000, 0x0000000706c00000|  0%| F|  |TAMS 0x0000000706a00000, 0x0000000706a00000| Untracked 
|  43|0x0000000706c00000, 0x0000000706c00000, 0x0000000706e00000|  0%| F|  |TAMS 0x0000000706c00000, 0x0000000706c00000| Untracked 
|  44|0x0000000706e00000, 0x0000000706e00000, 0x0000000707000000|  0%| F|  |TAMS 0x0000000706e00000, 0x0000000706e00000| Untracked 
|  45|0x0000000707000000, 0x0000000707000000, 0x0000000707200000|  0%| F|  |TAMS 0x0000000707000000, 0x0000000707000000| Untracked 
|  46|0x0000000707200000, 0x0000000707200000, 0x0000000707400000|  0%| F|  |TAMS 0x0000000707200000, 0x0000000707200000| Untracked 
|  47|0x0000000707400000, 0x0000000707400000, 0x0000000707600000|  0%| F|  |TAMS 0x0000000707400000, 0x0000000707400000| Untracked 
|  48|0x0000000707600000, 0x0000000707600000, 0x0000000707800000|  0%| F|  |TAMS 0x0000000707600000, 0x0000000707600000| Untracked 
|  49|0x0000000707800000, 0x0000000707800000, 0x0000000707a00000|  0%| F|  |TAMS 0x0000000707800000, 0x0000000707800000| Untracked 
|  50|0x0000000707a00000, 0x0000000707a00000, 0x0000000707c00000|  0%| F|  |TAMS 0x0000000707a00000, 0x0000000707a00000| Untracked 
|  51|0x0000000707c00000, 0x0000000707c00000, 0x0000000707e00000|  0%| F|  |TAMS 0x0000000707c00000, 0x0000000707c00000| Untracked 
|  52|0x0000000707e00000, 0x0000000707e00000, 0x0000000708000000|  0%| F|  |TAMS 0x0000000707e00000, 0x0000000707e00000| Untracked 
|  53|0x0000000708000000, 0x0000000708000000, 0x0000000708200000|  0%| F|  |TAMS 0x0000000708000000, 0x0000000708000000| Untracked 
|  54|0x0000000708200000, 0x0000000708200000, 0x0000000708400000|  0%| F|  |TAMS 0x0000000708200000, 0x0000000708200000| Untracked 
|  55|0x0000000708400000, 0x0000000708400000, 0x0000000708600000|  0%| F|  |TAMS 0x0000000708400000, 0x0000000708400000| Untracked 
|  56|0x0000000708600000, 0x0000000708600000, 0x0000000708800000|  0%| F|  |TAMS 0x0000000708600000, 0x0000000708600000| Untracked 
|  57|0x0000000708800000, 0x0000000708800000, 0x0000000708a00000|  0%| F|  |TAMS 0x0000000708800000, 0x0000000708800000| Untracked 
|  58|0x0000000708a00000, 0x0000000708a00000, 0x0000000708c00000|  0%| F|  |TAMS 0x0000000708a00000, 0x0000000708a00000| Untracked 
|  59|0x0000000708c00000, 0x0000000708c00000, 0x0000000708e00000|  0%| F|  |TAMS 0x0000000708c00000, 0x0000000708c00000| Untracked 
|  60|0x0000000708e00000, 0x0000000708e00000, 0x0000000709000000|  0%| F|  |TAMS 0x0000000708e00000, 0x0000000708e00000| Untracked 
|  61|0x0000000709000000, 0x0000000709000000, 0x0000000709200000|  0%| F|  |TAMS 0x0000000709000000, 0x0000000709000000| Untracked 
|  62|0x0000000709200000, 0x0000000709200000, 0x0000000709400000|  0%| F|  |TAMS 0x0000000709200000, 0x0000000709200000| Untracked 
|  63|0x0000000709400000, 0x0000000709400000, 0x0000000709600000|  0%| F|  |TAMS 0x0000000709400000, 0x0000000709400000| Untracked 
|  64|0x0000000709600000, 0x0000000709600000, 0x0000000709800000|  0%| F|  |TAMS 0x0000000709600000, 0x0000000709600000| Untracked 
|  65|0x0000000709800000, 0x0000000709800000, 0x0000000709a00000|  0%| F|  |TAMS 0x0000000709800000, 0x0000000709800000| Untracked 
|  66|0x0000000709a00000, 0x0000000709a00000, 0x0000000709c00000|  0%| F|  |TAMS 0x0000000709a00000, 0x0000000709a00000| Untracked 
|  67|0x0000000709c00000, 0x0000000709c00000, 0x0000000709e00000|  0%| F|  |TAMS 0x0000000709c00000, 0x0000000709c00000| Untracked 
|  68|0x0000000709e00000, 0x0000000709e00000, 0x000000070a000000|  0%| F|  |TAMS 0x0000000709e00000, 0x0000000709e00000| Untracked 
|  69|0x000000070a000000, 0x000000070a000000, 0x000000070a200000|  0%| F|  |TAMS 0x000000070a000000, 0x000000070a000000| Untracked 
|  70|0x000000070a200000, 0x000000070a200000, 0x000000070a400000|  0%| F|  |TAMS 0x000000070a200000, 0x000000070a200000| Untracked 
|  71|0x000000070a400000, 0x000000070a400000, 0x000000070a600000|  0%| F|  |TAMS 0x000000070a400000, 0x000000070a400000| Untracked 
|  72|0x000000070a600000, 0x000000070a600000, 0x000000070a800000|  0%| F|  |TAMS 0x000000070a600000, 0x000000070a600000| Untracked 
|  73|0x000000070a800000, 0x000000070a800000, 0x000000070aa00000|  0%| F|  |TAMS 0x000000070a800000, 0x000000070a800000| Untracked 
|  74|0x000000070aa00000, 0x000000070aa00000, 0x000000070ac00000|  0%| F|  |TAMS 0x000000070aa00000, 0x000000070aa00000| Untracked 
|  75|0x000000070ac00000, 0x000000070ac00000, 0x000000070ae00000|  0%| F|  |TAMS 0x000000070ac00000, 0x000000070ac00000| Untracked 
|  76|0x000000070ae00000, 0x000000070ae00000, 0x000000070b000000|  0%| F|  |TAMS 0x000000070ae00000, 0x000000070ae00000| Untracked 
|  77|0x000000070b000000, 0x000000070b000000, 0x000000070b200000|  0%| F|  |TAMS 0x000000070b000000, 0x000000070b000000| Untracked 
|  78|0x000000070b200000, 0x000000070b200000, 0x000000070b400000|  0%| F|  |TAMS 0x000000070b200000, 0x000000070b200000| Untracked 
|  79|0x000000070b400000, 0x000000070b400000, 0x000000070b600000|  0%| F|  |TAMS 0x000000070b400000, 0x000000070b400000| Untracked 
|  80|0x000000070b600000, 0x000000070b600000, 0x000000070b800000|  0%| F|  |TAMS 0x000000070b600000, 0x000000070b600000| Untracked 
|  81|0x000000070b800000, 0x000000070b800000, 0x000000070ba00000|  0%| F|  |TAMS 0x000000070b800000, 0x000000070b800000| Untracked 
|  82|0x000000070ba00000, 0x000000070ba00000, 0x000000070bc00000|  0%| F|  |TAMS 0x000000070ba00000, 0x000000070ba00000| Untracked 
|  83|0x000000070bc00000, 0x000000070bc00000, 0x000000070be00000|  0%| F|  |TAMS 0x000000070bc00000, 0x000000070bc00000| Untracked 
|  84|0x000000070be00000, 0x000000070be00000, 0x000000070c000000|  0%| F|  |TAMS 0x000000070be00000, 0x000000070be00000| Untracked 
|  85|0x000000070c000000, 0x000000070c000000, 0x000000070c200000|  0%| F|  |TAMS 0x000000070c000000, 0x000000070c000000| Untracked 
|  86|0x000000070c200000, 0x000000070c200000, 0x000000070c400000|  0%| F|  |TAMS 0x000000070c200000, 0x000000070c200000| Untracked 
|  87|0x000000070c400000, 0x000000070c400000, 0x000000070c600000|  0%| F|  |TAMS 0x000000070c400000, 0x000000070c400000| Untracked 
|  88|0x000000070c600000, 0x000000070c600000, 0x000000070c800000|  0%| F|  |TAMS 0x000000070c600000, 0x000000070c600000| Untracked 
|  89|0x000000070c800000, 0x000000070c800000, 0x000000070ca00000|  0%| F|  |TAMS 0x000000070c800000, 0x000000070c800000| Untracked 
|  90|0x000000070ca00000, 0x000000070ca00000, 0x000000070cc00000|  0%| F|  |TAMS 0x000000070ca00000, 0x000000070ca00000| Untracked 
|  91|0x000000070cc00000, 0x000000070cc00000, 0x000000070ce00000|  0%| F|  |TAMS 0x000000070cc00000, 0x000000070cc00000| Untracked 
|  92|0x000000070ce00000, 0x000000070ce00000, 0x000000070d000000|  0%| F|  |TAMS 0x000000070ce00000, 0x000000070ce00000| Untracked 
|  93|0x000000070d000000, 0x000000070d000000, 0x000000070d200000|  0%| F|  |TAMS 0x000000070d000000, 0x000000070d000000| Untracked 
|  94|0x000000070d200000, 0x000000070d200000, 0x000000070d400000|  0%| F|  |TAMS 0x000000070d200000, 0x000000070d200000| Untracked 
|  95|0x000000070d400000, 0x000000070d400000, 0x000000070d600000|  0%| F|  |TAMS 0x000000070d400000, 0x000000070d400000| Untracked 
|  96|0x000000070d600000, 0x000000070d600000, 0x000000070d800000|  0%| F|  |TAMS 0x000000070d600000, 0x000000070d600000| Untracked 
|  97|0x000000070d800000, 0x000000070d800000, 0x000000070da00000|  0%| F|  |TAMS 0x000000070d800000, 0x000000070d800000| Untracked 
|  98|0x000000070da00000, 0x000000070da00000, 0x000000070dc00000|  0%| F|  |TAMS 0x000000070da00000, 0x000000070da00000| Untracked 
|  99|0x000000070dc00000, 0x000000070dc00000, 0x000000070de00000|  0%| F|  |TAMS 0x000000070dc00000, 0x000000070dc00000| Untracked 
| 100|0x000000070de00000, 0x000000070de00000, 0x000000070e000000|  0%| F|  |TAMS 0x000000070de00000, 0x000000070de00000| Untracked 
| 101|0x000000070e000000, 0x000000070e000000, 0x000000070e200000|  0%| F|  |TAMS 0x000000070e000000, 0x000000070e000000| Untracked 
| 102|0x000000070e200000, 0x000000070e200000, 0x000000070e400000|  0%| F|  |TAMS 0x000000070e200000, 0x000000070e200000| Untracked 
| 103|0x000000070e400000, 0x000000070e400000, 0x000000070e600000|  0%| F|  |TAMS 0x000000070e400000, 0x000000070e400000| Untracked 
| 104|0x000000070e600000, 0x000000070e600000, 0x000000070e800000|  0%| F|  |TAMS 0x000000070e600000, 0x000000070e600000| Untracked 
| 105|0x000000070e800000, 0x000000070e800000, 0x000000070ea00000|  0%| F|  |TAMS 0x000000070e800000, 0x000000070e800000| Untracked 
| 106|0x000000070ea00000, 0x000000070ea00000, 0x000000070ec00000|  0%| F|  |TAMS 0x000000070ea00000, 0x000000070ea00000| Untracked 
| 107|0x000000070ec00000, 0x000000070ec00000, 0x000000070ee00000|  0%| F|  |TAMS 0x000000070ec00000, 0x000000070ec00000| Untracked 
| 108|0x000000070ee00000, 0x000000070ee00000, 0x000000070f000000|  0%| F|  |TAMS 0x000000070ee00000, 0x000000070ee00000| Untracked 
| 109|0x000000070f000000, 0x000000070f000000, 0x000000070f200000|  0%| F|  |TAMS 0x000000070f000000, 0x000000070f000000| Untracked 
| 110|0x000000070f200000, 0x000000070f200000, 0x000000070f400000|  0%| F|  |TAMS 0x000000070f200000, 0x000000070f200000| Untracked 
| 111|0x000000070f400000, 0x000000070f400000, 0x000000070f600000|  0%| F|  |TAMS 0x000000070f400000, 0x000000070f400000| Untracked 
| 112|0x000000070f600000, 0x000000070f600000, 0x000000070f800000|  0%| F|  |TAMS 0x000000070f600000, 0x000000070f600000| Untracked 
| 113|0x000000070f800000, 0x000000070f800000, 0x000000070fa00000|  0%| F|  |TAMS 0x000000070f800000, 0x000000070f800000| Untracked 
| 114|0x000000070fa00000, 0x000000070fa00000, 0x000000070fc00000|  0%| F|  |TAMS 0x000000070fa00000, 0x000000070fa00000| Untracked 
| 115|0x000000070fc00000, 0x000000070fc00000, 0x000000070fe00000|  0%| F|  |TAMS 0x000000070fc00000, 0x000000070fc00000| Untracked 
| 116|0x000000070fe00000, 0x000000070fe00000, 0x0000000710000000|  0%| F|  |TAMS 0x000000070fe00000, 0x000000070fe00000| Untracked 
| 117|0x0000000710000000, 0x0000000710000000, 0x0000000710200000|  0%| F|  |TAMS 0x0000000710000000, 0x0000000710000000| Untracked 
| 118|0x0000000710200000, 0x0000000710200000, 0x0000000710400000|  0%| F|  |TAMS 0x0000000710200000, 0x0000000710200000| Untracked 
| 119|0x0000000710400000, 0x0000000710600000, 0x0000000710600000|100%| S|CS|TAMS 0x0000000710400000, 0x0000000710400000| Complete 
| 120|0x0000000710600000, 0x0000000710600000, 0x0000000710800000|  0%| F|  |TAMS 0x0000000710600000, 0x0000000710600000| Untracked 
| 121|0x0000000710800000, 0x0000000710800000, 0x0000000710a00000|  0%| F|  |TAMS 0x0000000710800000, 0x0000000710800000| Untracked 
| 122|0x0000000710a00000, 0x0000000710a00000, 0x0000000710c00000|  0%| F|  |TAMS 0x0000000710a00000, 0x0000000710a00000| Untracked 
| 123|0x0000000710c00000, 0x0000000710dce428, 0x0000000710e00000| 90%| E|  |TAMS 0x0000000710c00000, 0x0000000710c00000| Complete 
| 124|0x0000000710e00000, 0x0000000711000000, 0x0000000711000000|100%| E|CS|TAMS 0x0000000710e00000, 0x0000000710e00000| Complete 
| 125|0x0000000711000000, 0x0000000711200000, 0x0000000711200000|100%| E|CS|TAMS 0x0000000711000000, 0x0000000711000000| Complete 
| 126|0x0000000711200000, 0x0000000711400000, 0x0000000711400000|100%| E|CS|TAMS 0x0000000711200000, 0x0000000711200000| Complete 
| 127|0x0000000711400000, 0x0000000711600000, 0x0000000711600000|100%| E|CS|TAMS 0x0000000711400000, 0x0000000711400000| Complete 

Card table byte_map: [0x000001ad77490000,0x000001ad77c90000] _byte_map_base: 0x000001ad73c85000

Marking Bits (Prev, Next): (CMBitMap*) 0x000001ad62a0b240, (CMBitMap*) 0x000001ad62a0b280
 Prev Bits: [0x000001ad78490000, 0x000001ad7c438000)
 Next Bits: [0x000001ad00000000, 0x000001ad03fa8000)

Polling page: 0x000001ad62830000

Metaspace:

Usage:
  Non-class:     13.76 MB used.
      Class:      1.83 MB used.
       Both:     15.59 MB used.

Virtual space:
  Non-class space:       16.00 MB reserved,      13.88 MB ( 87%) committed,  2 nodes.
      Class space:        1.00 GB reserved,       1.94 MB ( <1%) committed,  1 nodes.
             Both:        1.02 GB reserved,      15.81 MB (  2%) committed. 

Chunk freelists:
   Non-Class:  2.11 MB
       Class:  2.05 MB
        Both:  4.16 MB

MaxMetaspaceSize: unlimited
CompressedClassSpaceSize: 1.00 GB
Initial GC threshold: 21.00 MB
Current GC threshold: 21.00 MB
CDS: off
MetaspaceReclaimPolicy: balanced
 - commit_granule_bytes: 65536.
 - commit_granule_words: 8192.
 - virtual_space_node_default_size: 1048576.
 - enlarge_chunks_in_place: 1.
 - new_chunks_are_fully_committed: 0.
 - uncommit_free_chunks: 1.
 - use_allocation_guard: 0.
 - handle_deallocations: 1.


Internal statistics:

num_allocs_failed_limit: 0.
num_arena_births: 76.
num_arena_deaths: 0.
num_vsnodes_births: 3.
num_vsnodes_deaths: 0.
num_space_committed: 253.
num_space_uncommitted: 0.
num_chunks_returned_to_freelist: 0.
num_chunks_taken_from_freelist: 300.
num_chunk_merges: 0.
num_chunk_splits: 190.
num_chunks_enlarged: 155.
num_purges: 0.
num_inconsistent_stats: 0.

CodeHeap 'non-profiled nmethods': size=120000Kb used=472Kb max_used=472Kb free=119527Kb
 bounds [0x000001ad6f140000, 0x000001ad6f3b0000, 0x000001ad76670000]
CodeHeap 'profiled nmethods': size=120000Kb used=2158Kb max_used=2158Kb free=117841Kb
 bounds [0x000001ad67670000, 0x000001ad678e0000, 0x000001ad6eba0000]
CodeHeap 'non-nmethods': size=5760Kb used=1162Kb max_used=1177Kb free=4598Kb
 bounds [0x000001ad6eba0000, 0x000001ad6ee10000, 0x000001ad6f140000]
 total_blobs=1625 nmethods=1168 adapters=370
 compilation: enabled
              stopped_count=0, restarted_count=0
 full_count=0

Compilation events (20 events):
Event: 13.808 Thread 0x000001ad7f4997a0 nmethod 1158 0x000001ad6f1b5110 code [0x000001ad6f1b52a0, 0x000001ad6f1b5378]
Event: 13.900 Thread 0x000001ad7f4997a0 1159       3       java.util.concurrent.TimeUnit::convert (77 bytes)
Event: 13.900 Thread 0x000001ad7f4997a0 nmethod 1159 0x000001ad67889f90 code [0x000001ad6788a1a0, 0x000001ad6788a568]
Event: 13.996 Thread 0x000001ad7f4997a0 1160       3       java.util.concurrent.locks.AbstractQueuedSynchronizer$ConditionObject::canReacquire (28 bytes)
Event: 13.997 Thread 0x000001ad7f4997a0 nmethod 1160 0x000001ad6788a710 code [0x000001ad6788a8c0, 0x000001ad6788ac18]
Event: 13.997 Thread 0x000001ad7f4997a0 1161       3       jdk.internal.misc.Unsafe::putReferenceOpaque (9 bytes)
Event: 13.997 Thread 0x000001ad7f4997a0 nmethod 1161 0x000001ad6788ad90 code [0x000001ad6788af20, 0x000001ad6788b098]
Event: 14.108 Thread 0x000001ad7f4997a0 1162       3       java.util.concurrent.locks.LockSupport::setBlocker (12 bytes)
Event: 14.108 Thread 0x000001ad7f4997a0 nmethod 1162 0x000001ad6788b110 code [0x000001ad6788b2c0, 0x000001ad6788b4c8]
Event: 16.022 Thread 0x000001ad7f4997a0 1163       3       java.util.concurrent.ScheduledThreadPoolExecutor$ScheduledFutureTask::getDelay (16 bytes)
Event: 16.022 Thread 0x000001ad7f4997a0 nmethod 1163 0x000001ad6788b590 code [0x000001ad6788b740, 0x000001ad6788b8c8]
Event: 16.382 Thread 0x000001ad7f4997a0 1164       1       org.gradle.internal.logging.events.CategorisedOutputEvent::getLogLevel (5 bytes)
Event: 16.382 Thread 0x000001ad7f4997a0 nmethod 1164 0x000001ad6f1b5410 code [0x000001ad6f1b55a0, 0x000001ad6f1b5678]
Event: 16.398 Thread 0x000001ad7f4997a0 1165       1       org.gradle.internal.logging.text.AbstractLineChoppingStyledTextOutput$SeenFromEol::size (5 bytes)
Event: 16.398 Thread 0x000001ad7f4997a0 nmethod 1165 0x000001ad6f1b5710 code [0x000001ad6f1b58a0, 0x000001ad6f1b5978]
Event: 16.399 Thread 0x000001ad7f4997a0 1166       1       org.gradle.internal.logging.text.AbstractLineChoppingStyledTextOutput$StateContext::access$000 (5 bytes)
Event: 16.399 Thread 0x000001ad7f4997a0 nmethod 1166 0x000001ad6f1b5a10 code [0x000001ad6f1b5ba0, 0x000001ad6f1b5c58]
Event: 16.402 Thread 0x000001ad7f4997a0 1168       3       org.gradle.internal.logging.text.AbstractLineChoppingStyledTextOutput$StateContext::isCurrentCharEquals (70 bytes)
Event: 16.402 Thread 0x000001ad7f490e90 1169       4       java.util.Objects::checkIndex (7 bytes)
Event: 16.403 Thread 0x000001ad7f490e90 nmethod 1169 0x000001ad6f1b5d10 code [0x000001ad6f1b5e80, 0x000001ad6f1b5f18]

GC Heap History (4 events):
Event: 0.538 GC heap before
{Heap before GC invocations=0 (full 0):
 garbage-first heap   total 262144K, used 16384K [0x0000000701600000, 0x0000000800000000)
  region size 2048K, 6 young (12288K), 0 survivors (0K)
 Metaspace       used 8341K, committed 8448K, reserved 1056768K
  class space    used 733K, committed 768K, reserved 1048576K
}
Event: 0.542 GC heap after
{Heap after GC invocations=1 (full 0):
 garbage-first heap   total 262144K, used 2774K [0x0000000701600000, 0x0000000800000000)
  region size 2048K, 1 young (2048K), 1 survivors (2048K)
 Metaspace       used 8341K, committed 8448K, reserved 1056768K
  class space    used 733K, committed 768K, reserved 1048576K
}
Event: 1.099 GC heap before
{Heap before GC invocations=1 (full 0):
 garbage-first heap   total 262144K, used 19158K [0x0000000701600000, 0x0000000800000000)
  region size 2048K, 8 young (16384K), 1 survivors (2048K)
 Metaspace       used 12256K, committed 12416K, reserved 1064960K
  class space    used 1358K, committed 1472K, reserved 1048576K
}
Event: 1.102 GC heap after
{Heap after GC invocations=2 (full 0):
 garbage-first heap   total 262144K, used 10656K [0x0000000701600000, 0x0000000800000000)
  region size 2048K, 1 young (2048K), 1 survivors (2048K)
 Metaspace       used 12256K, committed 12416K, reserved 1064960K
  class space    used 1358K, committed 1472K, reserved 1048576K
}

Dll operation events (2 events):
Event: 0.018 Loaded shared library D:\Misael\Android Studio\jbr\bin\java.dll
Event: 0.155 Loaded shared library D:\Misael\Android Studio\jbr\bin\verify.dll

Deoptimization events (20 events):
Event: 1.715 Thread 0x000001ad6296dfd0 Uncommon trap: trap_request=0xffffff45 fr.pc=0x000001ad6f174d18 relative=0x00000000000010f8
Event: 1.715 Thread 0x000001ad6296dfd0 Uncommon trap: reason=unstable_if action=reinterpret pc=0x000001ad6f174d18 method=java.util.HashMap.putVal(ILjava/lang/Object;Ljava/lang/Object;ZZ)Ljava/lang/Object; @ 162 c2
Event: 1.715 Thread 0x000001ad6296dfd0 DEOPT PACKING pc=0x000001ad6f174d18 sp=0x0000001dcdffa3d0
Event: 1.715 Thread 0x000001ad6296dfd0 DEOPT UNPACKING pc=0x000001ad6ebf69a3 sp=0x0000001dcdffa308 mode 2
Event: 1.729 Thread 0x000001ad6296dfd0 Uncommon trap: trap_request=0xffffffc6 fr.pc=0x000001ad6f1a3d60 relative=0x00000000000012c0
Event: 1.729 Thread 0x000001ad6296dfd0 Uncommon trap: reason=bimorphic_or_optimized_type_check action=maybe_recompile pc=0x000001ad6f1a3d60 method=java.util.HashMap.putVal(ILjava/lang/Object;Ljava/lang/Object;ZZ)Ljava/lang/Object; @ 203 c2
Event: 1.729 Thread 0x000001ad6296dfd0 DEOPT PACKING pc=0x000001ad6f1a3d60 sp=0x0000001dcdff9630
Event: 1.729 Thread 0x000001ad6296dfd0 DEOPT UNPACKING pc=0x000001ad6ebf69a3 sp=0x0000001dcdff95d0 mode 2
Event: 1.729 Thread 0x000001ad6296dfd0 Uncommon trap: trap_request=0xffffffc6 fr.pc=0x000001ad6f1a3d60 relative=0x00000000000012c0
Event: 1.730 Thread 0x000001ad6296dfd0 Uncommon trap: reason=bimorphic_or_optimized_type_check action=maybe_recompile pc=0x000001ad6f1a3d60 method=java.util.HashMap.putVal(ILjava/lang/Object;Ljava/lang/Object;ZZ)Ljava/lang/Object; @ 203 c2
Event: 1.730 Thread 0x000001ad6296dfd0 DEOPT PACKING pc=0x000001ad6f1a3d60 sp=0x0000001dcdff9630
Event: 1.730 Thread 0x000001ad6296dfd0 DEOPT UNPACKING pc=0x000001ad6ebf69a3 sp=0x0000001dcdff95d0 mode 2
Event: 1.730 Thread 0x000001ad6296dfd0 Uncommon trap: trap_request=0xffffffc6 fr.pc=0x000001ad6f1a3d60 relative=0x00000000000012c0
Event: 1.730 Thread 0x000001ad6296dfd0 Uncommon trap: reason=bimorphic_or_optimized_type_check action=maybe_recompile pc=0x000001ad6f1a3d60 method=java.util.HashMap.putVal(ILjava/lang/Object;Ljava/lang/Object;ZZ)Ljava/lang/Object; @ 203 c2
Event: 1.730 Thread 0x000001ad6296dfd0 DEOPT PACKING pc=0x000001ad6f1a3d60 sp=0x0000001dcdff9630
Event: 1.730 Thread 0x000001ad6296dfd0 DEOPT UNPACKING pc=0x000001ad6ebf69a3 sp=0x0000001dcdff95d0 mode 2
Event: 1.732 Thread 0x000001ad6296dfd0 Uncommon trap: trap_request=0xffffffc6 fr.pc=0x000001ad6f1a3d60 relative=0x00000000000012c0
Event: 1.732 Thread 0x000001ad6296dfd0 Uncommon trap: reason=bimorphic_or_optimized_type_check action=maybe_recompile pc=0x000001ad6f1a3d60 method=java.util.HashMap.putVal(ILjava/lang/Object;Ljava/lang/Object;ZZ)Ljava/lang/Object; @ 203 c2
Event: 1.732 Thread 0x000001ad6296dfd0 DEOPT PACKING pc=0x000001ad6f1a3d60 sp=0x0000001dcdff9630
Event: 1.732 Thread 0x000001ad6296dfd0 DEOPT UNPACKING pc=0x000001ad6ebf69a3 sp=0x0000001dcdff95d0 mode 2

Classes unloaded (0 events):
No events

Classes redefined (0 events):
No events

Internal exceptions (18 events):
Event: 0.302 Thread 0x000001ad6296dfd0 Exception <a 'java/lang/NoSuchMethodError'{0x0000000711317270}: 'int java.lang.invoke.DirectMethodHandle$Holder.invokeStaticInit(java.lang.Object, java.lang.Object)'> (0x0000000711317270) 
thrown [s\src\hotspot\share\interpreter\linkResolver.cpp, line 771]
Event: 0.852 Thread 0x000001ad6296dfd0 Exception <a 'java/lang/NoSuchMethodError'{0x0000000710c28820}: 'void java.lang.invoke.DirectMethodHandle$Holder.invokeStatic(java.lang.Object, java.lang.Object)'> (0x0000000710c28820) 
thrown [s\src\hotspot\share\interpreter\linkResolver.cpp, line 771]
Event: 0.904 Thread 0x000001ad6296dfd0 Exception <a 'java/lang/NoClassDefFoundError'{0x0000000710cb2848}: org/slf4j/impl/StaticMarkerBinder> (0x0000000710cb2848) 
thrown [s\src\hotspot\share\classfile\systemDictionary.cpp, line 245]
Event: 0.922 Thread 0x000001ad6296dfd0 Exception <a 'java/lang/NoSuchMethodError'{0x0000000710d4dd28}: 'java.lang.Object java.lang.invoke.DirectMethodHandle$Holder.invokeVirtual(java.lang.Object, java.lang.Object, java.lang.Object, java.lang.Object, java.lang.Object, java.lang.Object, java.lang.Object)'> (0x0000000710d4dd28) 
thrown [s\src\hotspot\share\interpreter\linkResolver.cpp, line 771]
Event: 0.925 Thread 0x000001ad6296dfd0 Exception <a 'java/lang/NoSuchMethodError'{0x0000000710d60130}: 'java.lang.Object java.lang.invoke.Invokers$Holder.invoker(java.lang.Object, java.lang.Object, java.lang.Object)'> (0x0000000710d60130) 
thrown [s\src\hotspot\share\interpreter\linkResolver.cpp, line 771]
Event: 0.928 Thread 0x000001ad6296dfd0 Exception <a 'java/lang/NoSuchMethodError'{0x0000000710d69260}: 'java.lang.Object java.lang.invoke.DirectMethodHandle$Holder.invokeStatic(java.lang.Object, java.lang.Object, int)'> (0x0000000710d69260) 
thrown [s\src\hotspot\share\interpreter\linkResolver.cpp, line 771]
Event: 0.930 Thread 0x000001ad6296dfd0 Exception <a 'java/lang/NoSuchMethodError'{0x0000000710d75550}: 'void java.lang.invoke.DelegatingMethodHandle$Holder.delegate(java.lang.Object, java.lang.Object, int, java.lang.Object)'> (0x0000000710d75550) 
thrown [s\src\hotspot\share\interpreter\linkResolver.cpp, line 771]
Event: 0.931 Thread 0x000001ad6296dfd0 Exception <a 'java/lang/NoSuchMethodError'{0x0000000710d79698}: 'int java.lang.invoke.DirectMethodHandle$Holder.invokeSpecial(java.lang.Object, java.lang.Object, java.lang.Object)'> (0x0000000710d79698) 
thrown [s\src\hotspot\share\interpreter\linkResolver.cpp, line 771]
Event: 0.935 Thread 0x000001ad6296dfd0 Exception <a 'java/lang/NoSuchMethodError'{0x0000000710d8c850}: 'java.lang.Object java.lang.invoke.Invokers$Holder.invokeExact_MT(java.lang.Object, java.lang.Object, java.lang.Object, java.lang.Object)'> (0x0000000710d8c850) 
thrown [s\src\hotspot\share\interpreter\linkResolver.cpp, line 771]
Event: 1.083 Thread 0x000001ad6296dfd0 Exception <a 'java/lang/NoSuchMethodError'{0x0000000710788248}: 'java.lang.Object java.lang.invoke.DirectMethodHandle$Holder.invokeInterface(java.lang.Object, java.lang.Object, java.lang.Object)'> (0x0000000710788248) 
thrown [s\src\hotspot\share\interpreter\linkResolver.cpp, line 771]
Event: 1.106 Thread 0x000001ad6296dfd0 Implicit null exception at 0x000001ad6f189c0f to 0x000001ad6f18a084
Event: 1.106 Thread 0x000001ad6296dfd0 Implicit null exception at 0x000001ad6f17bf0f to 0x000001ad6f17c358
Event: 1.135 Thread 0x000001ad6296dfd0 Exception <a 'java/lang/NoSuchMethodError'{0x000000071155b940}: 'java.lang.Object java.lang.invoke.DirectMethodHandle$Holder.invokeStaticInit(java.lang.Object)'> (0x000000071155b940) 
thrown [s\src\hotspot\share\interpreter\linkResolver.cpp, line 771]
Event: 1.281 Thread 0x000001ad6296dfd0 Exception <a 'java/lang/NoSuchMethodError'{0x0000000711174398}: 'java.lang.Object java.lang.invoke.DirectMethodHandle$Holder.invokeStaticInit(java.lang.Object, int, int, int, int)'> (0x0000000711174398) 
thrown [s\src\hotspot\share\interpreter\linkResolver.cpp, line 771]
Event: 1.401 Thread 0x000001ad6296dfd0 Exception <a 'java/lang/NoSuchMethodError'{0x000000071119b320}: 'java.lang.Object java.lang.invoke.DirectMethodHandle$Holder.invokeStaticInit(java.lang.Object, java.lang.Object, int, int, int, int)'> (0x000000071119b320) 
thrown [s\src\hotspot\share\interpreter\linkResolver.cpp, line 771]
Event: 1.662 Thread 0x000001ad6296dfd0 Exception <a 'java/lang/NoSuchMethodError'{0x00000007111ca618}: 'void java.lang.invoke.DirectMethodHandle$Holder.invokeStatic(java.lang.Object, java.lang.Object, java.lang.Object)'> (0x00000007111ca618) 
thrown [s\src\hotspot\share\interpreter\linkResolver.cpp, line 771]
Event: 1.683 Thread 0x000001ad6296dfd0 Implicit null exception at 0x000001ad6f172ef2 to 0x000001ad6f17354c
Event: 1.683 Thread 0x000001ad6296dfd0 Implicit null exception at 0x000001ad6f175c72 to 0x000001ad6f1762cc

VM Operations (18 events):
Event: 0.150 Executing VM operation: HandshakeAllThreads
Event: 0.150 Executing VM operation: HandshakeAllThreads done
Event: 0.538 Executing VM operation: G1CollectForAllocation
Event: 0.542 Executing VM operation: G1CollectForAllocation done
Event: 0.702 Executing VM operation: HandshakeAllThreads
Event: 0.702 Executing VM operation: HandshakeAllThreads done
Event: 0.927 Executing VM operation: HandshakeAllThreads
Event: 0.927 Executing VM operation: HandshakeAllThreads done
Event: 1.099 Executing VM operation: G1CollectForAllocation
Event: 1.102 Executing VM operation: G1CollectForAllocation done
Event: 1.294 Executing VM operation: HandshakeAllThreads
Event: 1.294 Executing VM operation: HandshakeAllThreads done
Event: 1.398 Executing VM operation: HandshakeAllThreads
Event: 1.398 Executing VM operation: HandshakeAllThreads done
Event: 2.412 Executing VM operation: Cleanup
Event: 2.412 Executing VM operation: Cleanup done
Event: 5.433 Executing VM operation: Cleanup
Event: 5.433 Executing VM operation: Cleanup done

Events (20 events):
Event: 2.417 loading class jdk/internal/reflect/ByteVectorFactory
Event: 2.418 loading class jdk/internal/reflect/ByteVectorFactory done
Event: 2.418 loading class jdk/internal/reflect/ByteVectorImpl
Event: 2.418 loading class jdk/internal/reflect/ByteVector
Event: 2.418 loading class jdk/internal/reflect/ByteVector done
Event: 2.418 loading class jdk/internal/reflect/ByteVectorImpl done
Event: 2.418 loading class jdk/internal/reflect/ClassFileAssembler
Event: 2.418 loading class jdk/internal/reflect/ClassFileAssembler done
Event: 2.418 loading class jdk/internal/reflect/UTF8
Event: 2.418 loading class jdk/internal/reflect/UTF8 done
Event: 2.419 loading class jdk/internal/reflect/Label
Event: 2.419 loading class jdk/internal/reflect/Label done
Event: 2.419 loading class jdk/internal/reflect/Label$PatchInfo
Event: 2.419 loading class jdk/internal/reflect/Label$PatchInfo done
Event: 2.419 loading class jdk/internal/reflect/MethodAccessorGenerator$1
Event: 2.419 loading class jdk/internal/reflect/MethodAccessorGenerator$1 done
Event: 2.419 loading class jdk/internal/reflect/ClassDefiner
Event: 2.419 loading class jdk/internal/reflect/ClassDefiner done
Event: 2.419 loading class jdk/internal/reflect/ClassDefiner$1
Event: 2.419 loading class jdk/internal/reflect/ClassDefiner$1 done


Dynamic libraries:
0x00007ff7ca120000 - 0x00007ff7ca12a000 	D:\Misael\Android Studio\jbr\bin\java.exe
0x00007fff49e90000 - 0x00007fff4a088000 	C:\Windows\SYSTEM32\ntdll.dll
0x00007fff49830000 - 0x00007fff498ed000 	C:\Windows\System32\KERNEL32.DLL
0x00007fff47960000 - 0x00007fff47c56000 	C:\Windows\System32\KERNELBASE.dll
0x00007fff47570000 - 0x00007fff47670000 	C:\Windows\System32\ucrtbase.dll
0x00007fff33fa0000 - 0x00007fff33fbb000 	D:\Misael\Android Studio\jbr\bin\VCRUNTIME140.dll
0x00007fff34410000 - 0x00007fff34427000 	D:\Misael\Android Studio\jbr\bin\jli.dll
0x00007fff489b0000 - 0x00007fff48b4e000 	C:\Windows\System32\USER32.dll
0x00007fff34600000 - 0x00007fff3489a000 	C:\Windows\WinSxS\amd64_microsoft.windows.common-controls_6595b64144ccf1df_6.0.19041.3636_none_60b6a03d71f818d5\COMCTL32.dll
0x00007fff47da0000 - 0x00007fff47dc2000 	C:\Windows\System32\win32u.dll
0x00007fff49b50000 - 0x00007fff49bee000 	C:\Windows\System32\msvcrt.dll
0x00007fff48410000 - 0x00007fff4843c000 	C:\Windows\System32\GDI32.dll
0x00007fff47dd0000 - 0x00007fff47eea000 	C:\Windows\System32\gdi32full.dll
0x00007fff47c90000 - 0x00007fff47d2d000 	C:\Windows\System32\msvcp_win.dll
0x00007fff487a0000 - 0x00007fff487d0000 	C:\Windows\System32\IMM32.DLL
0x00007fff40930000 - 0x00007fff4093c000 	D:\Misael\Android Studio\jbr\bin\vcruntime140_1.dll
0x00007fff0c6c0000 - 0x00007fff0c74d000 	D:\Misael\Android Studio\jbr\bin\msvcp140.dll
0x00007ffefe360000 - 0x00007ffefefcd000 	D:\Misael\Android Studio\jbr\bin\server\jvm.dll
0x00007fff48b50000 - 0x00007fff48bff000 	C:\Windows\System32\ADVAPI32.dll
0x00007fff488b0000 - 0x00007fff4894c000 	C:\Windows\System32\sechost.dll
0x00007fff49bf0000 - 0x00007fff49d16000 	C:\Windows\System32\RPCRT4.dll
0x00007fff33910000 - 0x00007fff33919000 	C:\Windows\SYSTEM32\WSOCK32.dll
0x00007fff36e30000 - 0x00007fff36e57000 	C:\Windows\SYSTEM32\WINMM.dll
0x00007fff49560000 - 0x00007fff495cb000 	C:\Windows\System32\WS2_32.dll
0x00007fff40b80000 - 0x00007fff40b8a000 	C:\Windows\SYSTEM32\VERSION.dll
0x00007fff453f0000 - 0x00007fff45402000 	C:\Windows\SYSTEM32\kernel.appcore.dll
0x00007fff43260000 - 0x00007fff4326a000 	D:\Misael\Android Studio\jbr\bin\jimage.dll
0x00007fff36b80000 - 0x00007fff36d64000 	C:\Windows\SYSTEM32\DBGHELP.DLL
0x00007fff30dd0000 - 0x00007fff30e04000 	C:\Windows\SYSTEM32\dbgcore.DLL
0x00007fff476c0000 - 0x00007fff47742000 	C:\Windows\System32\bcryptPrimitives.dll
0x00007fff41ab0000 - 0x00007fff41ad5000 	D:\Misael\Android Studio\jbr\bin\java.dll
0x00007fff41e60000 - 0x00007fff41e78000 	D:\Misael\Android Studio\jbr\bin\zip.dll
0x00007fff48e10000 - 0x00007fff49554000 	C:\Windows\System32\SHELL32.dll
0x00007fff455f0000 - 0x00007fff45d8b000 	C:\Windows\SYSTEM32\windows.storage.dll
0x00007fff48440000 - 0x00007fff48794000 	C:\Windows\System32\combase.dll
0x00007fff46fb0000 - 0x00007fff46fdd000 	C:\Windows\SYSTEM32\Wldp.dll
0x00007fff498f0000 - 0x00007fff4999d000 	C:\Windows\System32\SHCORE.dll
0x00007fff48950000 - 0x00007fff489a5000 	C:\Windows\System32\shlwapi.dll
0x00007fff474a0000 - 0x00007fff474c5000 	C:\Windows\SYSTEM32\profapi.dll
0x00007fff41b20000 - 0x00007fff41b39000 	D:\Misael\Android Studio\jbr\bin\net.dll
0x00007fff3e070000 - 0x00007fff3e17a000 	C:\Windows\SYSTEM32\WINHTTP.dll
0x00007fff46cc0000 - 0x00007fff46d2a000 	C:\Windows\system32\mswsock.dll
0x00007fff41970000 - 0x00007fff41986000 	D:\Misael\Android Studio\jbr\bin\nio.dll
0x00007fff3ddb0000 - 0x00007fff3ddc0000 	D:\Misael\Android Studio\jbr\bin\verify.dll
0x00007fff336d0000 - 0x00007fff336f7000 	C:\Users\Misael\.gradle\native\e1d6ef7f7dcc3fd88c89a11ec53ec762bb8ba0a96d01ffa2cd45eb1d1d8dd5c5\windows-amd64\native-platform.dll
0x00007fff425f0000 - 0x00007fff425f9000 	D:\Misael\Android Studio\jbr\bin\management.dll
0x00007fff3f3d0000 - 0x00007fff3f3db000 	D:\Misael\Android Studio\jbr\bin\management_ext.dll
0x00007fff48d40000 - 0x00007fff48d48000 	C:\Windows\System32\PSAPI.DLL
0x00007fff46f00000 - 0x00007fff46f18000 	C:\Windows\SYSTEM32\CRYPTSP.dll
0x00007fff46590000 - 0x00007fff465c4000 	C:\Windows\system32\rsaenh.dll
0x00007fff47c60000 - 0x00007fff47c87000 	C:\Windows\System32\bcrypt.dll
0x00007fff47460000 - 0x00007fff4748e000 	C:\Windows\SYSTEM32\USERENV.dll
0x00007fff46f20000 - 0x00007fff46f2c000 	C:\Windows\SYSTEM32\CRYPTBASE.dll
0x00007fff46980000 - 0x00007fff469bb000 	C:\Windows\SYSTEM32\IPHLPAPI.DLL
0x00007fff48c00000 - 0x00007fff48c08000 	C:\Windows\System32\NSI.dll
0x00007fff3db90000 - 0x00007fff3dba7000 	C:\Windows\SYSTEM32\dhcpcsvc6.DLL
0x00007fff3f320000 - 0x00007fff3f33d000 	C:\Windows\SYSTEM32\dhcpcsvc.DLL
0x00007fff469d0000 - 0x00007fff46a9a000 	C:\Windows\SYSTEM32\DNSAPI.dll
0x00007fff3dc90000 - 0x00007fff3dc97000 	C:\Windows\system32\wshunix.dll

dbghelp: loaded successfully - version: 4.0.5 - missing functions: none
symbol engine: initialized successfully - sym options: 0x614 - pdb path: .;D:\Misael\Android Studio\jbr\bin;C:\Windows\SYSTEM32;C:\Windows\WinSxS\amd64_microsoft.windows.common-controls_6595b64144ccf1df_6.0.19041.3636_none_60b6a03d71f818d5;D:\Misael\Android Studio\jbr\bin\server;C:\Users\Misael\.gradle\native\e1d6ef7f7dcc3fd88c89a11ec53ec762bb8ba0a96d01ffa2cd45eb1d1d8dd5c5\windows-amd64

VM Arguments:
jvm_args: -Dorg.gradle.appname=gradlew 
java_command: org.gradle.wrapper.GradleWrapperMain -q -Ptarget-platform=android-x86 -Ptarget=D:\Misael\WorkSpace DEV\Controle_Aprovacao\lib\main.dart -Pbase-application-name=android.app.Application -Pdart-defines=Zmx1dHRlci5pbnNwZWN0b3Iuc3RydWN0dXJlZEVycm9ycz10cnVl,RkxVVFRFUl9XRUJfQVVUT19ERVRFQ1Q9dHJ1ZQ==,RkxVVFRFUl9XRUJfQ0FOVkFTS0lUX1VSTD1odHRwczovL3d3dy5nc3RhdGljLmNvbS9mbHV0dGVyLWNhbnZhc2tpdC80OTU5NTVhM2I1ZGUyYzJlMWI0YmYwNTZlYThmOGEzOWJiN2Y1OWU3Lw== -Pdart-obfuscation=false -Ptrack-widget-creation=true -Ptree-shake-icons=false -Pfilesystem-scheme=org-dartlang-root assembleDebug
java_class_path (initial): D:\Misael\WorkSpace DEV\Controle_Aprovacao\android\\gradle\wrapper\gradle-wrapper.jar
Launcher Type: SUN_STANDARD

[Global flags]
     intx CICompilerCount                          = 3                                         {product} {ergonomic}
     uint ConcGCThreads                            = 1                                         {product} {ergonomic}
     uint G1ConcRefinementThreads                  = 4                                         {product} {ergonomic}
   size_t G1HeapRegionSize                         = 2097152                                   {product} {ergonomic}
    uintx GCDrainStackTargetSize                   = 64                                        {product} {ergonomic}
   size_t InitialHeapSize                          = 268435456                                 {product} {ergonomic}
   size_t MarkStackSize                            = 4194304                                   {product} {ergonomic}
   size_t MaxHeapSize                              = 4271898624                                {product} {ergonomic}
   size_t MaxNewSize                               = 2562719744                                {product} {ergonomic}
   size_t MinHeapDeltaBytes                        = 2097152                                   {product} {ergonomic}
   size_t MinHeapSize                              = 8388608                                   {product} {ergonomic}
    uintx NonNMethodCodeHeapSize                   = 5832780                                {pd product} {ergonomic}
    uintx NonProfiledCodeHeapSize                  = 122912730                              {pd product} {ergonomic}
    uintx ProfiledCodeHeapSize                     = 122912730                              {pd product} {ergonomic}
    uintx ReservedCodeCacheSize                    = 251658240                              {pd product} {ergonomic}
     bool SegmentedCodeCache                       = true                                      {product} {ergonomic}
   size_t SoftMaxHeapSize                          = 4271898624                             {manageable} {ergonomic}
     bool UseCompressedClassPointers               = true                           {product lp64_product} {ergonomic}
     bool UseCompressedOops                        = true                           {product lp64_product} {ergonomic}
     bool UseG1GC                                  = true                                      {product} {ergonomic}
     bool UseLargePagesIndividualAllocation        = false                                  {pd product} {ergonomic}

Logging:
Log output configuration:
 #0: stdout all=warning uptime,level,tags
 #1: stderr all=off uptime,level,tags

Environment Variables:
JAVA_HOME=D:\Misael\Android Studio\jbr
CLASSPATH=D:\Misael\WorkSpace DEV\Controle_Aprovacao\android\\gradle\wrapper\gradle-wrapper.jar
PATH=D:\Misael\Android Studio\jbr\bin;C:\Python312\Scripts\;C:\Python312\;D:\oracle\client_oracle11;C:\Program Files (x86)\Intel\Intel(R) Management Engine Components\iCLS\;C:\Program Files\Intel\Intel(R) Management Engine Components\iCLS\;C:\Windows\system32;C:\Windows;C:\Windows\System32\Wbem;C:\Windows\System32\WindowsPowerShell\v1.0\;C:\Windows\System32\OpenSSH\;C:\Program Files\Git\cmd;C:\Program Files (x86)\NVIDIA Corporation\PhysX\Common;C:\Program Files (x86)\Intel\Intel(R) Management Engine Components\DAL;C:\Program Files\Intel\Intel(R) Management Engine Components\DAL;C:\Program Files (x86)\Microsoft SQL Server\150\Tools\Binn\;C:\Program Files\Microsoft SQL Server\150\Tools\Binn\;C:\Program Files (x86)\Microsoft SQL Server\150\DTS\Binn\;C:\Program Files\Microsoft SQL Server\150\DTS\Binn\;C:\Program Files\Microsoft SQL Server\Client SDK\ODBC\170\Tools\Binn\;C:\Senior\JavaSeniorJDK\jdk1.7.0_51\bin;C:\Program Files\MongoDB\Server\6.0\bin;C:\Program Files\dotnet\;C:\Program Files (x86)\Common Files\Propellerhead Software\ReWire\;C:\Program Files\Common Files\Propellerhead Software\ReWire\;C:\Program Files\NVIDIA Corporation\NVIDIA NvDLISR;D:\Misael\Arquivos de Programa\;C:\ProgramData\chocolatey\bin;C:\Users\Misael\AppData\Local\Pub\Cache\bin;C:\Users\Misael\AppData\Local\Microsoft\WindowsApps;C:\Program Files\Azure Data Studio\bin;C:\Program Files (x86)\Sophos\Sophos SSL VPN Client\bin;C:\Users\Misael\.dotnet\tools;D:\src\flutter\bin;D:\VsCode\Microsoft VS Code\bin;D:\dart-sdk\bin;C:\Users\Misael\AppData\Roaming\npm;D:\src\flutter\bin\mingit\cmd
USERNAME=Misael
OS=Windows_NT
PROCESSOR_IDENTIFIER=Intel64 Family 6 Model 142 Stepping 9, GenuineIntel
TMP=C:\Users\Misael\AppData\Local\Temp
TEMP=C:\Users\Misael\AppData\Local\Temp



---------------  S Y S T E M  ---------------

OS:
 Windows 10 , 64 bit Build 19041 (10.0.19041.3636)
OS uptime: 0 days 21:10 hours
Hyper-V role detected

CPU: total 4 (initial active 4) (2 cores per cpu, 2 threads per core) family 6 model 142 stepping 9 microcode 0xb4, cx8, cmov, fxsr, ht, mmx, 3dnowpref, sse, sse2, sse3, ssse3, sse4.1, sse4.2, popcnt, lzcnt, tsc, tscinvbit, avx, avx2, aes, erms, clmul, bmi1, bmi2, adx, fma, vzeroupper, clflush, clflushopt, hv

Memory: 4k page, system-wide physical 16294M (1032M free)
TotalPageFile size 24260M (AvailPageFile size 510M)
current process WorkingSet (physical memory assigned to process): 83M, peak: 88M
current process commit charge ("private bytes"): 352M, peak: 356M

vm_info: OpenJDK 64-Bit Server VM (17.0.6+0-b2043.56-9586694) for windows-amd64 JRE (17.0.6+0-b2043.56-9586694), built on Feb  9 2023 20:06:20 by "androidbuild" with MS VC++ 16.10 / 16.11 (VS2019)

END.
